<?xml version="1.0" encoding="UTF-8"?>
<testng-results ignored="0" total="2" passed="2" failed="0" skipped="0">
  <reporter-output>
  </reporter-output>
  <suite started-at="2021-05-08T13:49:12 IST" name="Suite" finished-at="2021-05-08T13:52:09 IST" duration-ms="176986">
    <groups>
      <group name="Regression">
        <method signature="TestCase.testone()[pri:0, instance:com.Test.TestCase@4d15107f]" name="testone" class="com.Test.TestCase"/>
      </group> <!-- Regression -->
      <group name="Smoke">
        <method signature="TestCase.testwo()[pri:1, instance:com.Test.TestCase@4d15107f]" name="testwo" class="com.Test.TestCase"/>
      </group> <!-- Smoke -->
    </groups>
    <test started-at="2021-05-08T13:49:12 IST" name="Test" finished-at="2021-05-08T13:52:09 IST" duration-ms="176986">
      <class name="com.Test.TestCase">
        <test-method is-config="true" signature="beforeclass()[pri:0, instance:com.Test.TestCase@4d15107f]" started-at="2021-05-08T13:49:12 IST" name="beforeclass" finished-at="2021-05-08T13:49:26 IST" duration-ms="14555" status="PASS">
          <reporter-output>
          </reporter-output>
        </test-method> <!-- beforeclass -->
        <test-method signature="testone()[pri:0, instance:com.Test.TestCase@4d15107f]" started-at="2021-05-08T13:49:26 IST" name="testone" finished-at="2021-05-08T13:50:30 IST" duration-ms="63273" status="PASS">
          <reporter-output>
          </reporter-output>
        </test-method> <!-- testone -->
        <test-method signature="testwo()[pri:1, instance:com.Test.TestCase@4d15107f]" started-at="2021-05-08T13:50:30 IST" name="testwo" finished-at="2021-05-08T13:52:01 IST" duration-ms="90951" status="PASS">
          <reporter-output>
          </reporter-output>
        </test-method> <!-- testwo -->
        <test-method is-config="true" signature="afterTest()[pri:0, instance:com.Test.TestCase@4d15107f]" started-at="2021-05-08T13:52:01 IST" name="afterTest" finished-at="2021-05-08T13:52:09 IST" duration-ms="8180" status="PASS">
          <reporter-output>
          </reporter-output>
        </test-method> <!-- afterTest -->
      </class> <!-- com.Test.TestCase -->
    </test> <!-- Test -->
  </suite> <!-- Suite -->
</testng-results>
